<?xml version="1.0" encoding="UTF-8"?>
<!-- Generated by org.testng.reporters.JUnitXMLReporter -->
<testsuite hostname="EPINHYDW03EA" ignored="0" name="Android Test" tests="3" failures="0" timestamp="2022-11-23T21:54:00 IST" time="1.556" errors="0">
  <testcase name="@BeforeClass beforeClass" time="0.004" classname="com.qa.tests.LoginTests">
    <failure type="java.lang.NullPointerException">
      <![CDATA[java.lang.NullPointerException
at com.qa.BaseTest.closeApp(BaseTest.java:268)
at com.qa.tests.LoginTests.beforeClass(LoginTests.java:37)
at java.util.ArrayList.forEach(ArrayList.java:1259)
at java.util.concurrent.FutureTask.run(FutureTask.java:266)
at java.util.concurrent.ThreadPoolExecutor.runWorker(ThreadPoolExecutor.java:1149)
at java.util.concurrent.ThreadPoolExecutor$Worker.run(ThreadPoolExecutor.java:624)
at java.lang.Thread.run(Thread.java:748)
... Removed 16 stack frames]]>
    </failure>
  </testcase> <!-- @BeforeClass beforeClass -->
  <testcase name="@BeforeMethod beforeMethod" time="-1.669220640437E9" classname="com.qa.BaseTest">
    <skipped/>
  </testcase> <!-- @BeforeMethod beforeMethod -->
  <testcase name="@BeforeMethod beforeMethod" time="-1.669220640437E9" classname="com.qa.tests.LoginTests">
    <skipped/>
  </testcase> <!-- @BeforeMethod beforeMethod -->
  <testcase name="@AfterMethod afterMethod" time="-1.669220640439E9" classname="com.qa.tests.LoginTests">
    <skipped/>
  </testcase> <!-- @AfterMethod afterMethod -->
  <testcase name="@AfterMethod afterMethod" time="-1.669220640439E9" classname="com.qa.BaseTest">
    <skipped/>
  </testcase> <!-- @AfterMethod afterMethod -->
  <testcase name="@BeforeMethod beforeMethod" time="-1.66922064044E9" classname="com.qa.BaseTest">
    <skipped/>
  </testcase> <!-- @BeforeMethod beforeMethod -->
  <testcase name="@BeforeMethod beforeMethod" time="-1.669220640441E9" classname="com.qa.tests.LoginTests">
    <skipped/>
  </testcase> <!-- @BeforeMethod beforeMethod -->
  <testcase name="@AfterMethod afterMethod" time="-1.669220640441E9" classname="com.qa.tests.LoginTests">
    <skipped/>
  </testcase> <!-- @AfterMethod afterMethod -->
  <testcase name="@AfterMethod afterMethod" time="-1.669220640441E9" classname="com.qa.BaseTest">
    <skipped/>
  </testcase> <!-- @AfterMethod afterMethod -->
  <testcase name="@BeforeMethod beforeMethod" time="-1.669220640442E9" classname="com.qa.BaseTest">
    <skipped/>
  </testcase> <!-- @BeforeMethod beforeMethod -->
  <testcase name="@BeforeMethod beforeMethod" time="-1.669220640442E9" classname="com.qa.tests.LoginTests">
    <skipped/>
  </testcase> <!-- @BeforeMethod beforeMethod -->
  <testcase name="@AfterMethod afterMethod" time="-1.669220640443E9" classname="com.qa.tests.LoginTests">
    <skipped/>
  </testcase> <!-- @AfterMethod afterMethod -->
  <testcase name="@AfterMethod afterMethod" time="-1.669220640443E9" classname="com.qa.BaseTest">
    <skipped/>
  </testcase> <!-- @AfterMethod afterMethod -->
  <testcase name="@AfterClass afterClass" time="-1.669220640444E9" classname="com.qa.tests.LoginTests">
    <skipped/>
  </testcase> <!-- @AfterClass afterClass -->
  <testcase name="@AfterTest after" time="-1.669220640446E9" classname="com.qa.BaseTest">
    <skipped/>
  </testcase> <!-- @AfterTest after -->
  <testcase name="invalidPassword" time="0.0" classname="com.qa.tests.LoginTests">
    <skipped/>
  </testcase> <!-- invalidPassword -->
  <testcase name="invalidUserName" time="0.0" classname="com.qa.tests.LoginTests">
    <skipped/>
  </testcase> <!-- invalidUserName -->
  <testcase name="validLogin" time="0.0" classname="com.qa.tests.LoginTests">
    <skipped/>
  </testcase> <!-- validLogin -->
</testsuite> <!-- Android Test -->
