<?xml version="1.0" encoding="UTF-8"?>
<testng-results skipped="3" failed="0" ignored="0" total="3" passed="0">
  <reporter-output>
  </reporter-output>
  <suite name="All Test Suite" duration-ms="1556" started-at="2022-11-23T21:53:58 IST" finished-at="2022-11-23T21:54:00 IST">
    <groups>
    </groups>
    <test name="Android Test" duration-ms="1556" started-at="2022-11-23T21:53:58 IST" finished-at="2022-11-23T21:54:00 IST">
      <class name="com.qa.tests.LoginTests">
        <test-method status="PASS" signature="beforeSuite()[pri:0, instance:com.qa.tests.LoginTests@6631f5ca]" name="beforeSuite" is-config="true" duration-ms="2372" started-at="2022-11-23T21:53:56 IST" finished-at="2022-11-23T21:53:58 IST">
          <reporter-output>
          </reporter-output>
        </test-method> <!-- beforeSuite -->
        <test-method status="PASS" signature="beforeTest(java.lang.String,java.lang.String,java.lang.String,java.lang.String,java.lang.String,java.lang.String,java.lang.String,java.lang.String)[pri:0, instance:com.qa.tests.LoginTests@6631f5ca]" name="beforeTest" is-config="true" duration-ms="1515" started-at="2022-11-23T21:53:58 IST" finished-at="2022-11-23T21:54:00 IST">
          <params>
            <param index="0">
              <value>
                <![CDATA[false]]>
              </value>
            </param>
            <param index="1">
              <value>
                <![CDATA[Android]]>
              </value>
            </param>
            <param index="2">
              <value>
                <![CDATA[1362976800000L7]]>
              </value>
            </param>
            <param index="3">
              <value>
                <![CDATA[1362976800000L7]]>
              </value>
            </param>
            <param index="4">
              <value>
                <![CDATA[10000]]>
              </value>
            </param>
            <param index="5">
              <value>
                <![CDATA[11000]]>
              </value>
            </param>
            <param index="6">
              <value>
                <![CDATA[iOSOnly]]>
              </value>
            </param>
            <param index="7">
              <value>
                <![CDATA[iOSOnly]]>
              </value>
            </param>
          </params>
          <reporter-output>
          </reporter-output>
        </test-method> <!-- beforeTest -->
        <test-method status="FAIL" signature="beforeClass()[pri:0, instance:com.qa.tests.LoginTests@6631f5ca]" name="beforeClass" is-config="true" duration-ms="4" started-at="2022-11-23T21:54:00 IST" finished-at="2022-11-23T21:54:00 IST">
          <exception class="java.lang.NullPointerException">
            <full-stacktrace>
              <![CDATA[java.lang.NullPointerException
at com.qa.BaseTest.closeApp(BaseTest.java:268)
at com.qa.tests.LoginTests.beforeClass(LoginTests.java:37)
at sun.reflect.NativeMethodAccessorImpl.invoke0(Native Method)
at sun.reflect.NativeMethodAccessorImpl.invoke(NativeMethodAccessorImpl.java:62)
at sun.reflect.DelegatingMethodAccessorImpl.invoke(DelegatingMethodAccessorImpl.java:43)
at java.lang.reflect.Method.invoke(Method.java:498)
at org.testng.internal.MethodInvocationHelper.invokeMethod(MethodInvocationHelper.java:133)
at org.testng.internal.MethodInvocationHelper.invokeMethodConsideringTimeout(MethodInvocationHelper.java:62)
at org.testng.internal.ConfigInvoker.invokeConfigurationMethod(ConfigInvoker.java:385)
at org.testng.internal.ConfigInvoker.invokeConfigurations(ConfigInvoker.java:321)
at org.testng.internal.TestMethodWorker.invokeBeforeClassMethods(TestMethodWorker.java:176)
at org.testng.internal.TestMethodWorker.run(TestMethodWorker.java:122)
at java.util.ArrayList.forEach(ArrayList.java:1259)
at org.testng.TestRunner.privateRun(TestRunner.java:794)
at org.testng.TestRunner.run(TestRunner.java:596)
at org.testng.SuiteRunner.runTest(SuiteRunner.java:377)
at org.testng.SuiteRunner.access$000(SuiteRunner.java:28)
at org.testng.SuiteRunner$SuiteWorker.run(SuiteRunner.java:418)
at org.testng.internal.thread.ThreadUtil.lambda$execute$0(ThreadUtil.java:64)
at java.util.concurrent.FutureTask.run(FutureTask.java:266)
at java.util.concurrent.ThreadPoolExecutor.runWorker(ThreadPoolExecutor.java:1149)
at java.util.concurrent.ThreadPoolExecutor$Worker.run(ThreadPoolExecutor.java:624)
at java.lang.Thread.run(Thread.java:748)
]]>
            </full-stacktrace>
          </exception> <!-- java.lang.NullPointerException -->
          <reporter-output>
          </reporter-output>
        </test-method> <!-- beforeClass -->
        <test-method status="SKIP" signature="beforeMethod(java.lang.reflect.Method)[pri:0, instance:com.qa.tests.LoginTests@6631f5ca]" name="beforeMethod" is-config="true" duration-ms="-1669220640437" started-at="2022-11-23T21:54:00 IST" finished-at="1970-01-01T05:30:00 IST">
          <reporter-output>
          </reporter-output>
        </test-method> <!-- beforeMethod -->
        <test-method status="SKIP" signature="beforeMethod()[pri:0, instance:com.qa.tests.LoginTests@6631f5ca]" name="beforeMethod" is-config="true" duration-ms="-1669220640437" started-at="2022-11-23T21:54:00 IST" finished-at="1970-01-01T05:30:00 IST">
          <reporter-output>
          </reporter-output>
        </test-method> <!-- beforeMethod -->
        <test-method status="SKIP" signature="invalidPassword()[pri:0, instance:com.qa.tests.LoginTests@6631f5ca]" name="invalidPassword" duration-ms="0" started-at="2022-11-23T21:54:00 IST" finished-at="2022-11-23T21:54:00 IST">
          <exception class="java.lang.NullPointerException">
            <full-stacktrace>
              <![CDATA[java.lang.NullPointerException
at com.qa.BaseTest.closeApp(BaseTest.java:268)
at com.qa.tests.LoginTests.beforeClass(LoginTests.java:37)
at sun.reflect.NativeMethodAccessorImpl.invoke0(Native Method)
at sun.reflect.NativeMethodAccessorImpl.invoke(NativeMethodAccessorImpl.java:62)
at sun.reflect.DelegatingMethodAccessorImpl.invoke(DelegatingMethodAccessorImpl.java:43)
at java.lang.reflect.Method.invoke(Method.java:498)
at org.testng.internal.MethodInvocationHelper.invokeMethod(MethodInvocationHelper.java:133)
at org.testng.internal.MethodInvocationHelper.invokeMethodConsideringTimeout(MethodInvocationHelper.java:62)
at org.testng.internal.ConfigInvoker.invokeConfigurationMethod(ConfigInvoker.java:385)
at org.testng.internal.ConfigInvoker.invokeConfigurations(ConfigInvoker.java:321)
at org.testng.internal.TestMethodWorker.invokeBeforeClassMethods(TestMethodWorker.java:176)
at org.testng.internal.TestMethodWorker.run(TestMethodWorker.java:122)
at java.util.ArrayList.forEach(ArrayList.java:1259)
at org.testng.TestRunner.privateRun(TestRunner.java:794)
at org.testng.TestRunner.run(TestRunner.java:596)
at org.testng.SuiteRunner.runTest(SuiteRunner.java:377)
at org.testng.SuiteRunner.access$000(SuiteRunner.java:28)
at org.testng.SuiteRunner$SuiteWorker.run(SuiteRunner.java:418)
at org.testng.internal.thread.ThreadUtil.lambda$execute$0(ThreadUtil.java:64)
at java.util.concurrent.FutureTask.run(FutureTask.java:266)
at java.util.concurrent.ThreadPoolExecutor.runWorker(ThreadPoolExecutor.java:1149)
at java.util.concurrent.ThreadPoolExecutor$Worker.run(ThreadPoolExecutor.java:624)
at java.lang.Thread.run(Thread.java:748)
]]>
            </full-stacktrace>
          </exception> <!-- java.lang.NullPointerException -->
          <reporter-output>
          </reporter-output>
        </test-method> <!-- invalidPassword -->
        <test-method status="SKIP" signature="afterMethod()[pri:0, instance:com.qa.tests.LoginTests@6631f5ca]" name="afterMethod" is-config="true" duration-ms="-1669220640439" started-at="2022-11-23T21:54:00 IST" finished-at="1970-01-01T05:30:00 IST">
          <reporter-output>
          </reporter-output>
        </test-method> <!-- afterMethod -->
        <test-method status="SKIP" signature="afterMethod(org.testng.ITestResult)[pri:0, instance:com.qa.tests.LoginTests@6631f5ca]" name="afterMethod" is-config="true" duration-ms="-1669220640439" started-at="2022-11-23T21:54:00 IST" finished-at="1970-01-01T05:30:00 IST">
          <reporter-output>
          </reporter-output>
        </test-method> <!-- afterMethod -->
        <test-method status="SKIP" signature="beforeMethod()[pri:0, instance:com.qa.tests.LoginTests@6631f5ca]" name="beforeMethod" is-config="true" duration-ms="-1669220640440" started-at="2022-11-23T21:54:00 IST" finished-at="1970-01-01T05:30:00 IST">
          <reporter-output>
          </reporter-output>
        </test-method> <!-- beforeMethod -->
        <test-method status="SKIP" signature="beforeMethod(java.lang.reflect.Method)[pri:0, instance:com.qa.tests.LoginTests@6631f5ca]" name="beforeMethod" is-config="true" duration-ms="-1669220640441" started-at="2022-11-23T21:54:00 IST" finished-at="1970-01-01T05:30:00 IST">
          <reporter-output>
          </reporter-output>
        </test-method> <!-- beforeMethod -->
        <test-method status="SKIP" signature="invalidUserName()[pri:0, instance:com.qa.tests.LoginTests@6631f5ca]" name="invalidUserName" duration-ms="0" started-at="2022-11-23T21:54:00 IST" finished-at="2022-11-23T21:54:00 IST">
          <exception class="java.lang.NullPointerException">
            <full-stacktrace>
              <![CDATA[java.lang.NullPointerException
at com.qa.BaseTest.closeApp(BaseTest.java:268)
at com.qa.tests.LoginTests.beforeClass(LoginTests.java:37)
at sun.reflect.NativeMethodAccessorImpl.invoke0(Native Method)
at sun.reflect.NativeMethodAccessorImpl.invoke(NativeMethodAccessorImpl.java:62)
at sun.reflect.DelegatingMethodAccessorImpl.invoke(DelegatingMethodAccessorImpl.java:43)
at java.lang.reflect.Method.invoke(Method.java:498)
at org.testng.internal.MethodInvocationHelper.invokeMethod(MethodInvocationHelper.java:133)
at org.testng.internal.MethodInvocationHelper.invokeMethodConsideringTimeout(MethodInvocationHelper.java:62)
at org.testng.internal.ConfigInvoker.invokeConfigurationMethod(ConfigInvoker.java:385)
at org.testng.internal.ConfigInvoker.invokeConfigurations(ConfigInvoker.java:321)
at org.testng.internal.TestMethodWorker.invokeBeforeClassMethods(TestMethodWorker.java:176)
at org.testng.internal.TestMethodWorker.run(TestMethodWorker.java:122)
at java.util.ArrayList.forEach(ArrayList.java:1259)
at org.testng.TestRunner.privateRun(TestRunner.java:794)
at org.testng.TestRunner.run(TestRunner.java:596)
at org.testng.SuiteRunner.runTest(SuiteRunner.java:377)
at org.testng.SuiteRunner.access$000(SuiteRunner.java:28)
at org.testng.SuiteRunner$SuiteWorker.run(SuiteRunner.java:418)
at org.testng.internal.thread.ThreadUtil.lambda$execute$0(ThreadUtil.java:64)
at java.util.concurrent.FutureTask.run(FutureTask.java:266)
at java.util.concurrent.ThreadPoolExecutor.runWorker(ThreadPoolExecutor.java:1149)
at java.util.concurrent.ThreadPoolExecutor$Worker.run(ThreadPoolExecutor.java:624)
at java.lang.Thread.run(Thread.java:748)
]]>
            </full-stacktrace>
          </exception> <!-- java.lang.NullPointerException -->
          <reporter-output>
          </reporter-output>
        </test-method> <!-- invalidUserName -->
        <test-method status="SKIP" signature="afterMethod()[pri:0, instance:com.qa.tests.LoginTests@6631f5ca]" name="afterMethod" is-config="true" duration-ms="-1669220640441" started-at="2022-11-23T21:54:00 IST" finished-at="1970-01-01T05:30:00 IST">
          <reporter-output>
          </reporter-output>
        </test-method> <!-- afterMethod -->
        <test-method status="SKIP" signature="afterMethod(org.testng.ITestResult)[pri:0, instance:com.qa.tests.LoginTests@6631f5ca]" name="afterMethod" is-config="true" duration-ms="-1669220640441" started-at="2022-11-23T21:54:00 IST" finished-at="1970-01-01T05:30:00 IST">
          <reporter-output>
          </reporter-output>
        </test-method> <!-- afterMethod -->
        <test-method status="SKIP" signature="validLogin()[pri:0, instance:com.qa.tests.LoginTests@6631f5ca]" name="validLogin" duration-ms="0" started-at="2022-11-23T21:54:00 IST" finished-at="2022-11-23T21:54:00 IST">
          <exception class="java.lang.NullPointerException">
            <full-stacktrace>
              <![CDATA[java.lang.NullPointerException
at com.qa.BaseTest.closeApp(BaseTest.java:268)
at com.qa.tests.LoginTests.beforeClass(LoginTests.java:37)
at sun.reflect.NativeMethodAccessorImpl.invoke0(Native Method)
at sun.reflect.NativeMethodAccessorImpl.invoke(NativeMethodAccessorImpl.java:62)
at sun.reflect.DelegatingMethodAccessorImpl.invoke(DelegatingMethodAccessorImpl.java:43)
at java.lang.reflect.Method.invoke(Method.java:498)
at org.testng.internal.MethodInvocationHelper.invokeMethod(MethodInvocationHelper.java:133)
at org.testng.internal.MethodInvocationHelper.invokeMethodConsideringTimeout(MethodInvocationHelper.java:62)
at org.testng.internal.ConfigInvoker.invokeConfigurationMethod(ConfigInvoker.java:385)
at org.testng.internal.ConfigInvoker.invokeConfigurations(ConfigInvoker.java:321)
at org.testng.internal.TestMethodWorker.invokeBeforeClassMethods(TestMethodWorker.java:176)
at org.testng.internal.TestMethodWorker.run(TestMethodWorker.java:122)
at java.util.ArrayList.forEach(ArrayList.java:1259)
at org.testng.TestRunner.privateRun(TestRunner.java:794)
at org.testng.TestRunner.run(TestRunner.java:596)
at org.testng.SuiteRunner.runTest(SuiteRunner.java:377)
at org.testng.SuiteRunner.access$000(SuiteRunner.java:28)
at org.testng.SuiteRunner$SuiteWorker.run(SuiteRunner.java:418)
at org.testng.internal.thread.ThreadUtil.lambda$execute$0(ThreadUtil.java:64)
at java.util.concurrent.FutureTask.run(FutureTask.java:266)
at java.util.concurrent.ThreadPoolExecutor.runWorker(ThreadPoolExecutor.java:1149)
at java.util.concurrent.ThreadPoolExecutor$Worker.run(ThreadPoolExecutor.java:624)
at java.lang.Thread.run(Thread.java:748)
]]>
            </full-stacktrace>
          </exception> <!-- java.lang.NullPointerException -->
          <reporter-output>
          </reporter-output>
        </test-method> <!-- validLogin -->
        <test-method status="SKIP" signature="beforeMethod(java.lang.reflect.Method)[pri:0, instance:com.qa.tests.LoginTests@6631f5ca]" name="beforeMethod" is-config="true" duration-ms="-1669220640442" started-at="2022-11-23T21:54:00 IST" finished-at="1970-01-01T05:30:00 IST">
          <reporter-output>
          </reporter-output>
        </test-method> <!-- beforeMethod -->
        <test-method status="SKIP" signature="beforeMethod()[pri:0, instance:com.qa.tests.LoginTests@6631f5ca]" name="beforeMethod" is-config="true" duration-ms="-1669220640442" started-at="2022-11-23T21:54:00 IST" finished-at="1970-01-01T05:30:00 IST">
          <reporter-output>
          </reporter-output>
        </test-method> <!-- beforeMethod -->
        <test-method status="SKIP" signature="afterMethod(org.testng.ITestResult)[pri:0, instance:com.qa.tests.LoginTests@6631f5ca]" name="afterMethod" is-config="true" duration-ms="-1669220640443" started-at="2022-11-23T21:54:00 IST" finished-at="1970-01-01T05:30:00 IST">
          <reporter-output>
          </reporter-output>
        </test-method> <!-- afterMethod -->
        <test-method status="SKIP" signature="afterMethod()[pri:0, instance:com.qa.tests.LoginTests@6631f5ca]" name="afterMethod" is-config="true" duration-ms="-1669220640443" started-at="2022-11-23T21:54:00 IST" finished-at="1970-01-01T05:30:00 IST">
          <reporter-output>
          </reporter-output>
        </test-method> <!-- afterMethod -->
        <test-method status="SKIP" signature="afterClass()[pri:0, instance:com.qa.tests.LoginTests@6631f5ca]" name="afterClass" is-config="true" duration-ms="-1669220640444" started-at="2022-11-23T21:54:00 IST" finished-at="1970-01-01T05:30:00 IST">
          <reporter-output>
          </reporter-output>
        </test-method> <!-- afterClass -->
        <test-method status="SKIP" signature="after()[pri:0, instance:com.qa.tests.LoginTests@6631f5ca]" name="after" is-config="true" duration-ms="-1669220640446" started-at="2022-11-23T21:54:00 IST" finished-at="1970-01-01T05:30:00 IST">
          <reporter-output>
          </reporter-output>
        </test-method> <!-- after -->
        <test-method status="SKIP" signature="afterSuite()[pri:0, instance:com.qa.tests.LoginTests@6631f5ca]" name="afterSuite" is-config="true" duration-ms="-1669220640469" started-at="2022-11-23T21:54:00 IST" finished-at="1970-01-01T05:30:00 IST">
          <reporter-output>
          </reporter-output>
        </test-method> <!-- afterSuite -->
      </class> <!-- com.qa.tests.LoginTests -->
    </test> <!-- Android Test -->
  </suite> <!-- All Test Suite -->
</testng-results>
